# JRE version: Java(TM) SE Runtime Environment (8.0_60-b27) (build 1.8.0_60-b27)
# Java VM: Java HotSpot(TM) 64-Bit Server VM (25.60-b23 mixed mode bsd-amd64 compressed oops)
Heap:
 PSYoungGen      total 992768K, used 291975K [0x000000076ab00000, 0x00000007c0000000, 0x00000007c0000000)
  eden space 575488K, 50% used [0x000000076ab00000,0x000000077c821cd8,0x000000078dd00000)
  from space 417280K, 0% used [0x00000007a6880000,0x00000007a6880000,0x00000007c0000000)
  to   space 404992K, 0% used [0x000000078dd00000,0x000000078dd00000,0x00000007a6880000)
 ParOldGen       total 2796544K, used 2796522K [0x00000006c0000000, 0x000000076ab00000, 0x000000076ab00000)
  object space 2796544K, 99% used [0x00000006c0000000,0x000000076aafa8e0,0x000000076ab00000)
 Metaspace       used 8466K, capacity 9336K, committed 9600K, reserved 1056768K
  class space    used 1361K, capacity 1384K, committed 1408K, reserved 1048576K
GC Heap History (10 events):
Event: 208.940 GC heap before
{Heap before GC invocations=70 (full 14):
 PSYoungGen      total 992768K, used 575488K [0x000000076ab00000, 0x00000007c0000000, 0x00000007c0000000)
  eden space 575488K, 100% used [0x000000076ab00000,0x000000078dd00000,0x000000078dd00000)
  from space 417280K, 0% used [0x00000007a6880000,0x00000007a6880000,0x00000007c0000000)
  to   space 404992K, 0% used [0x000000078dd00000,0x000000078dd00000,0x00000007a6880000)
 ParOldGen       total 2796544K, used 2796522K [0x00000006c0000000, 0x000000076ab00000, 0x000000076ab00000)
  object space 2796544K, 99% used [0x00000006c0000000,0x000000076aafa8e0,0x000000076ab00000)
 Metaspace       used 8447K, capacity 9336K, committed 9600K, reserved 1056768K
  class space    used 1358K, capacity 1384K, committed 1408K, reserved 1048576K
Event: 222.182 GC heap after
Heap after GC invocations=70 (full 14):
 PSYoungGen      total 992768K, used 158482K [0x000000076ab00000, 0x00000007c0000000, 0x00000007c0000000)
  eden space 575488K, 27% used [0x000000076ab00000,0x00000007745c4a18,0x000000078dd00000)
  from space 417280K, 0% used [0x00000007a6880000,0x00000007a6880000,0x00000007c0000000)
  to   space 404992K, 0% used [0x000000078dd00000,0x000000078dd00000,0x00000007a6880000)
 ParOldGen       total 2796544K, used 2796522K [0x00000006c0000000, 0x000000076ab00000, 0x000000076ab00000)
  object space 2796544K, 99% used [0x00000006c0000000,0x000000076aafa8e0,0x000000076ab00000)
 Metaspace       used 8447K, capacity 9336K, committed 9600K, reserved 1056768K
  class space    used 1358K, capacity 1384K, committed 1408K, reserved 1048576K
}
Event: 222.363 GC heap before
{Heap before GC invocations=71 (full 15):
 PSYoungGen      total 992768K, used 575488K [0x000000076ab00000, 0x00000007c0000000, 0x00000007c0000000)
  eden space 575488K, 100% used [0x000000076ab00000,0x000000078dd00000,0x000000078dd00000)
  from space 417280K, 0% used [0x00000007a6880000,0x00000007a6880000,0x00000007c0000000)
  to   space 404992K, 0% used [0x000000078dd00000,0x000000078dd00000,0x00000007a6880000)
 ParOldGen       total 2796544K, used 2796522K [0x00000006c0000000, 0x000000076ab00000, 0x000000076ab00000)
  object space 2796544K, 99% used [0x00000006c0000000,0x000000076aafa8e0,0x000000076ab00000)
 Metaspace       used 8447K, capacity 9336K, committed 9600K, reserved 1056768K
  class space    used 1358K, capacity 1384K, committed 1408K, reserved 1048576K
Event: 234.600 GC heap after
Heap after GC invocations=71 (full 15):
 PSYoungGen      total 992768K, used 182086K [0x000000076ab00000, 0x00000007c0000000, 0x00000007c0000000)
  eden space 575488K, 31% used [0x000000076ab00000,0x0000000775cd1a48,0x000000078dd00000)
  from space 417280K, 0% used [0x00000007a6880000,0x00000007a6880000,0x00000007c0000000)
  to   space 404992K, 0% used [0x000000078dd00000,0x000000078dd00000,0x00000007a6880000)
 ParOldGen       total 2796544K, used 2796522K [0x00000006c0000000, 0x000000076ab00000, 0x000000076ab00000)
  object space 2796544K, 99% used [0x00000006c0000000,0x000000076aafa8e0,0x000000076ab00000)
 Metaspace       used 8447K, capacity 9336K, committed 9600K, reserved 1056768K
  class space    used 1358K, capacity 1384K, committed 1408K, reserved 1048576K
}
Event: 234.767 GC heap before
{Heap before GC invocations=72 (full 16):
 PSYoungGen      total 992768K, used 575488K [0x000000076ab00000, 0x00000007c0000000, 0x00000007c0000000)
  eden space 575488K, 100% used [0x000000076ab00000,0x000000078dd00000,0x000000078dd00000)
  from space 417280K, 0% used [0x00000007a6880000,0x00000007a6880000,0x00000007c0000000)
  to   space 404992K, 0% used [0x000000078dd00000,0x000000078dd00000,0x00000007a6880000)
 ParOldGen       total 2796544K, used 2796522K [0x00000006c0000000, 0x000000076ab00000, 0x000000076ab00000)
  object space 2796544K, 99% used [0x00000006c0000000,0x000000076aafa8e0,0x000000076ab00000)
 Metaspace       used 8447K, capacity 9336K, committed 9600K, reserved 1056768K
  class space    used 1358K, capacity 1384K, committed 1408K, reserved 1048576K
Event: 246.695 GC heap after
Heap after GC invocations=72 (full 16):
 PSYoungGen      total 992768K, used 204354K [0x000000076ab00000, 0x00000007c0000000, 0x00000007c0000000)
  eden space 575488K, 35% used [0x000000076ab00000,0x0000000777290a40,0x000000078dd00000)
  from space 417280K, 0% used [0x00000007a6880000,0x00000007a6880000,0x00000007c0000000)
  to   space 404992K, 0% used [0x000000078dd00000,0x000000078dd00000,0x00000007a6880000)
 ParOldGen       total 2796544K, used 2796522K [0x00000006c0000000, 0x000000076ab00000, 0x000000076ab00000)
  object space 2796544K, 99% used [0x00000006c0000000,0x000000076aafa8e0,0x000000076ab00000)
 Metaspace       used 8447K, capacity 9336K, committed 9600K, reserved 1056768K
  class space    used 1358K, capacity 1384K, committed 1408K, reserved 1048576K
}
Event: 246.945 GC heap before
{Heap before GC invocations=73 (full 17):
 PSYoungGen      total 992768K, used 575488K [0x000000076ab00000, 0x00000007c0000000, 0x00000007c0000000)
  eden space 575488K, 100% used [0x000000076ab00000,0x000000078dd00000,0x000000078dd00000)
  from space 417280K, 0% used [0x00000007a6880000,0x00000007a6880000,0x00000007c0000000)
  to   space 404992K, 0% used [0x000000078dd00000,0x000000078dd00000,0x00000007a6880000)
 ParOldGen       total 2796544K, used 2796522K [0x00000006c0000000, 0x000000076ab00000, 0x000000076ab00000)
  object space 2796544K, 99% used [0x00000006c0000000,0x000000076aafa8e0,0x000000076ab00000)
 Metaspace       used 8447K, capacity 9336K, committed 9600K, reserved 1056768K
  class space    used 1358K, capacity 1384K, committed 1408K, reserved 1048576K
Event: 267.271 GC heap after
Heap after GC invocations=73 (full 17):
 PSYoungGen      total 992768K, used 225362K [0x000000076ab00000, 0x00000007c0000000, 0x00000007c0000000)
  eden space 575488K, 39% used [0x000000076ab00000,0x0000000778714840,0x000000078dd00000)
  from space 417280K, 0% used [0x00000007a6880000,0x00000007a6880000,0x00000007c0000000)
  to   space 404992K, 0% used [0x000000078dd00000,0x000000078dd00000,0x00000007a6880000)
 ParOldGen       total 2796544K, used 2796522K [0x00000006c0000000, 0x000000076ab00000, 0x000000076ab00000)
  object space 2796544K, 99% used [0x00000006c0000000,0x000000076aafa8e0,0x000000076ab00000)
 Metaspace       used 8447K, capacity 9336K, committed 9600K, reserved 1056768K
  class space    used 1358K, capacity 1384K, committed 1408K, reserved 1048576K
}
Event: 267.784 GC heap before
{Heap before GC invocations=74 (full 18):
 PSYoungGen      total 992768K, used 575488K [0x000000076ab00000, 0x00000007c0000000, 0x00000007c0000000)
  eden space 575488K, 100% used [0x000000076ab00000,0x000000078dd00000,0x000000078dd00000)
  from space 417280K, 0% used [0x00000007a6880000,0x00000007a6880000,0x00000007c0000000)
  to   space 404992K, 0% used [0x000000078dd00000,0x000000078dd00000,0x00000007a6880000)
 ParOldGen       total 2796544K, used 2796522K [0x00000006c0000000, 0x000000076ab00000, 0x000000076ab00000)
  object space 2796544K, 99% used [0x00000006c0000000,0x000000076aafa8e0,0x000000076ab00000)
 Metaspace       used 8466K, capacity 9336K, committed 9600K, reserved 1056768K
  class space    used 1361K, capacity 1384K, committed 1408K, reserved 1048576K
Event: 283.980 GC heap after
Heap after GC invocations=74 (full 18):
 PSYoungGen      total 992768K, used 245043K [0x000000076ab00000, 0x00000007c0000000, 0x00000007c0000000)
  eden space 575488K, 42% used [0x000000076ab00000,0x0000000779a4ce68,0x000000078dd00000)
  from space 417280K, 0% used [0x00000007a6880000,0x00000007a6880000,0x00000007c0000000)
  to   space 404992K, 0% used [0x000000078dd00000,0x000000078dd00000,0x00000007a6880000)
 ParOldGen       total 2796544K, used 2796522K [0x00000006c0000000, 0x000000076ab00000, 0x000000076ab00000)
  object space 2796544K, 99% used [0x00000006c0000000,0x000000076aafa8e0,0x000000076ab00000)
 Metaspace       used 8466K, capacity 9336K, committed 9600K, reserved 1056768K
  class space    used 1361K, capacity 1384K, committed 1408K, reserved 1048576K
}

